Sat Sep 06 14:29:47 IST 2025: Hook triggered
Sat Sep 06 18:55:02 IST 2025: Hook triggered
Sun Sep 07 09:00:05 IST 2025: Hook triggered
Sun Sep 07 12:43:29 IST 2025: Hook triggered
Sun Sep 07 16:18:44 IST 2025: Hook triggered
Mon Sep 08 07:39:56 IST 2025: Hook triggered
Mon Sep 08 11:22:10 IST 2025: Hook triggered
Mon Sep 08 14:56:31 IST 2025: Hook triggered
Mon Sep 08 19:45:53 IST 2025: Hook triggered
Tue Sep 09 06:15:44 IST 2025: Hook triggered
Tue Sep 09 10:02:11 IST 2025: Hook triggered
Tue Sep 09 13:49:29 IST 2025: Hook triggered
Tue Sep 09 18:34:07 IST 2025: Hook triggered
Tue Sep 09 22:51:48 IST 2025: Hook triggered
Wed Sep 10 08:21:13 IST 2025: Hook triggered
Wed Sep 10 12:43:25 IST 2025: Hook triggered
Wed Sep 10 16:59:02 IST 2025: Hook triggered
Wed Sep 10 21:14:39 IST 2025: Hook triggered
Thu Sep 11 06:39:47 IST 2025: Hook triggered
Thu Sep 11 10:18:24 IST 2025: Hook triggered
Thu Sep 11 14:44:59 IST 2025: Hook triggered
Thu Sep 11 19:23:17 IST 2025: Hook triggered
Thu Sep 11 22:56:48 IST 2025: Hook triggered
Fri Sep 12 07:08:35 IST 2025: Hook triggered
Fri Sep 12 11:29:12 IST 2025: Hook triggered
Fri Sep 12 15:41:07 IST 2025: Hook triggered
Sat Sep 13 09:14:29 IST 2025: Hook triggered
Sat Sep 13 13:25:54 IST 2025: Hook triggered
Sat Sep 13 17:52:38 IST 2025: Hook triggered
Sat Sep 13 21:33:11 IST 2025: Hook triggered
Sun Sep 14 08:27:49 IST 2025: Hook triggered
Sun Sep 14 12:46:37 IST 2025: Hook triggered
Sun Sep 14 16:59:21 IST 2025: Hook triggered
Sun Sep 14 20:42:08 IST 2025: Hook triggered
Sun Sep 14 23:58:55 IST 2025: Hook triggered
Mon Sep 15 21:07:36 IST 2025: Hook triggered
Mon Sep 15 21:11:02 IST 2025: Hook triggered
